[debug] [2020-12-31T05:51:29.792Z] ----------------------------------------------------------------------
[debug] [2020-12-31T05:51:29.799Z] Command:       C:\Program Files (x86)\nodejs\node.exe C:\Users\sumit\AppData\Roaming\npm\node_modules\firebase-tools\lib\bin\firebase.js init
[debug] [2020-12-31T05:51:29.799Z] CLI Version:   9.1.0
[debug] [2020-12-31T05:51:29.800Z] Platform:      win32
[debug] [2020-12-31T05:51:29.800Z] Node Version:  v12.20.0
[debug] [2020-12-31T05:51:29.802Z] Time:          Thu Dec 31 2020 11:21:29 GMT+0530 (India Standard Time)
[debug] [2020-12-31T05:51:29.802Z] ----------------------------------------------------------------------
[debug] [2020-12-31T05:51:29.803Z] 
[debug] [2020-12-31T05:51:29.817Z] > command requires scopes: ["email","openid","https://www.googleapis.com/auth/cloudplatformprojects.readonly","https://www.googleapis.com/auth/firebase","https://www.googleapis.com/auth/cloud-platform"]
[debug] [2020-12-31T05:51:29.818Z] > authorizing via signed-in user
[info] 
     ######## #### ########  ######## ########     ###     ######  ########
     ##        ##  ##     ## ##       ##     ##  ##   ##  ##       ##
     ######    ##  ########  ######   ########  #########  ######  ######
     ##        ##  ##    ##  ##       ##     ## ##     ##       ## ##
     ##       #### ##     ## ######## ########  ##     ##  ######  ########

You're about to initialize a Firebase project in this directory:

  E:\whatapp_clone\whatapp_clone

Before we get started, keep in mind:

  * You are initializing in an existing Firebase project directory

[info] 
=== Project Setup
[info] 
[info] First, let's associate this project directory with a Firebase project.
[info] You can create multiple project aliases by running firebase use --add, 
[info] but for now we'll just set up a default project.
[info] 
[info] i  .firebaserc already has a default project, using whatapp-c85ce. 
[debug] [2020-12-31T05:51:38.826Z] > refreshing access token with scopes: ["email","https://www.googleapis.com/auth/cloud-platform","https://www.googleapis.com/auth/cloudplatformprojects.readonly","https://www.googleapis.com/auth/firebase","openid"]
[debug] [2020-12-31T05:51:38.827Z] >>> HTTP REQUEST POST https://www.googleapis.com/oauth2/v3/token  
 <request body omitted>
[debug] [2020-12-31T05:51:39.508Z] <<< HTTP RESPONSE 200 {"date":"Thu, 31 Dec 2020 05:51:42 GMT","pragma":"no-cache","expires":"Mon, 01 Jan 1990 00:00:00 GMT","cache-control":"no-cache, no-store, max-age=0, must-revalidate","content-type":"application/json; charset=utf-8","vary":"X-Origin, Referer, Origin,Accept-Encoding","server":"scaffolding on HTTPServer2","x-xss-protection":"0","x-frame-options":"SAMEORIGIN","x-content-type-options":"nosniff","alt-svc":"h3-29=\":443\"; ma=2592000,h3-T051=\":443\"; ma=2592000,h3-Q050=\":443\"; ma=2592000,h3-Q046=\":443\"; ma=2592000,h3-Q043=\":443\"; ma=2592000,quic=\":443\"; ma=2592000; v=\"46,43\"","accept-ranges":"none","transfer-encoding":"chunked"}
[debug] [2020-12-31T05:51:39.521Z] >>> HTTP REQUEST GET https://firebase.googleapis.com/v1beta1/projects/whatapp-c85ce  
 
[debug] [2020-12-31T05:51:40.379Z] <<< HTTP RESPONSE 403 {"vary":"X-Origin, Referer, Origin,Accept-Encoding","content-type":"application/json; charset=UTF-8","date":"Thu, 31 Dec 2020 05:51:43 GMT","server":"ESF","cache-control":"private","x-xss-protection":"0","x-frame-options":"SAMEORIGIN","x-content-type-options":"nosniff","alt-svc":"h3-29=\":443\"; ma=2592000,h3-T051=\":443\"; ma=2592000,h3-Q050=\":443\"; ma=2592000,h3-Q046=\":443\"; ma=2592000,h3-Q043=\":443\"; ma=2592000,quic=\":443\"; ma=2592000; v=\"46,43\"","accept-ranges":"none","transfer-encoding":"chunked"}
[debug] [2020-12-31T05:51:40.380Z] <<< HTTP RESPONSE BODY {"error":{"code":403,"message":"The caller does not have permission","status":"PERMISSION_DENIED"}}
[debug] [2020-12-31T05:51:40.384Z] HTTP Error: 403, The caller does not have permission
[debug] [2020-12-31T05:51:40.824Z] FirebaseError: HTTP Error: 403, The caller does not have permission
    at module.exports (C:\Users\sumit\AppData\Roaming\npm\node_modules\firebase-tools\lib\responseToError.js:38:12)
    at Request._callback (C:\Users\sumit\AppData\Roaming\npm\node_modules\firebase-tools\lib\api.js:41:35)
    at Request.self.callback (C:\Users\sumit\AppData\Roaming\npm\node_modules\firebase-tools\node_modules\request\request.js:185:22)
    at Request.emit (events.js:314:20)
    at Request.EventEmitter.emit (domain.js:483:12)
    at Request.<anonymous> (C:\Users\sumit\AppData\Roaming\npm\node_modules\firebase-tools\node_modules\request\request.js:1154:10)
    at Request.emit (events.js:314:20)
    at Request.EventEmitter.emit (domain.js:483:12)
    at IncomingMessage.<anonymous> (C:\Users\sumit\AppData\Roaming\npm\node_modules\firebase-tools\node_modules\request\request.js:1076:12)
    at Object.onceWrapper (events.js:420:28)
    at IncomingMessage.emit (events.js:326:22)
    at IncomingMessage.EventEmitter.emit (domain.js:483:12)
    at endReadableNT (_stream_readable.js:1241:12)
    at processTicksAndRejections (internal/process/task_queues.js:84:21)
[error] 
[error] Error: Failed to get Firebase project whatapp-c85ce. Please make sure the project exists and your account has permission to access it.
[debug] [2020-12-31T05:53:02.559Z] ----------------------------------------------------------------------
[debug] [2020-12-31T05:53:02.565Z] Command:       C:\Program Files (x86)\nodejs\node.exe C:\Users\sumit\AppData\Roaming\npm\node_modules\firebase-tools\lib\bin\firebase.js init
[debug] [2020-12-31T05:53:02.566Z] CLI Version:   9.1.0
[debug] [2020-12-31T05:53:02.567Z] Platform:      win32
[debug] [2020-12-31T05:53:02.567Z] Node Version:  v12.20.0
[debug] [2020-12-31T05:53:02.569Z] Time:          Thu Dec 31 2020 11:23:02 GMT+0530 (India Standard Time)
[debug] [2020-12-31T05:53:02.569Z] ----------------------------------------------------------------------
[debug] [2020-12-31T05:53:02.569Z] 
[debug] [2020-12-31T05:53:02.585Z] > command requires scopes: ["email","openid","https://www.googleapis.com/auth/cloudplatformprojects.readonly","https://www.googleapis.com/auth/firebase","https://www.googleapis.com/auth/cloud-platform"]
[debug] [2020-12-31T05:53:02.586Z] > authorizing via signed-in user
[info] 
     ######## #### ########  ######## ########     ###     ######  ########
     ##        ##  ##     ## ##       ##     ##  ##   ##  ##       ##
     ######    ##  ########  ######   ########  #########  ######  ######
     ##        ##  ##    ##  ##       ##     ## ##     ##       ## ##
     ##       #### ##     ## ######## ########  ##     ##  ######  ########

You're about to initialize a Firebase project in this directory:

  E:\whatapp_clone\whatapp_clone

Before we get started, keep in mind:

  * You are initializing in an existing Firebase project directory

[info] 
=== Project Setup
[info] 
[info] First, let's associate this project directory with a Firebase project.
[info] You can create multiple project aliases by running firebase use --add, 
[info] but for now we'll just set up a default project.
[info] 
[info] i  .firebaserc already has a default project, using whatapp-c85ce. 
[debug] [2020-12-31T05:53:16.178Z] >>> HTTP REQUEST GET https://firebase.googleapis.com/v1beta1/projects/whatapp-c85ce  
 
[debug] [2020-12-31T05:53:17.279Z] <<< HTTP RESPONSE 403 {"vary":"X-Origin, Referer, Origin,Accept-Encoding","content-type":"application/json; charset=UTF-8","date":"Thu, 31 Dec 2020 05:53:20 GMT","server":"ESF","cache-control":"private","x-xss-protection":"0","x-frame-options":"SAMEORIGIN","x-content-type-options":"nosniff","alt-svc":"h3-29=\":443\"; ma=2592000,h3-T051=\":443\"; ma=2592000,h3-Q050=\":443\"; ma=2592000,h3-Q046=\":443\"; ma=2592000,h3-Q043=\":443\"; ma=2592000,quic=\":443\"; ma=2592000; v=\"46,43\"","accept-ranges":"none","transfer-encoding":"chunked"}
[debug] [2020-12-31T05:53:17.279Z] <<< HTTP RESPONSE BODY {"error":{"code":403,"message":"The caller does not have permission","status":"PERMISSION_DENIED"}}
[debug] [2020-12-31T05:53:17.284Z] HTTP Error: 403, The caller does not have permission
[debug] [2020-12-31T05:53:17.716Z] FirebaseError: HTTP Error: 403, The caller does not have permission
    at module.exports (C:\Users\sumit\AppData\Roaming\npm\node_modules\firebase-tools\lib\responseToError.js:38:12)
    at Request._callback (C:\Users\sumit\AppData\Roaming\npm\node_modules\firebase-tools\lib\api.js:41:35)
    at Request.self.callback (C:\Users\sumit\AppData\Roaming\npm\node_modules\firebase-tools\node_modules\request\request.js:185:22)
    at Request.emit (events.js:314:20)
    at Request.EventEmitter.emit (domain.js:483:12)
    at Request.<anonymous> (C:\Users\sumit\AppData\Roaming\npm\node_modules\firebase-tools\node_modules\request\request.js:1154:10)
    at Request.emit (events.js:314:20)
    at Request.EventEmitter.emit (domain.js:483:12)
    at IncomingMessage.<anonymous> (C:\Users\sumit\AppData\Roaming\npm\node_modules\firebase-tools\node_modules\request\request.js:1076:12)
    at Object.onceWrapper (events.js:420:28)
    at IncomingMessage.emit (events.js:326:22)
    at IncomingMessage.EventEmitter.emit (domain.js:483:12)
    at endReadableNT (_stream_readable.js:1241:12)
    at processTicksAndRejections (internal/process/task_queues.js:84:21)
[error] 
[error] Error: Failed to get Firebase project whatapp-c85ce. Please make sure the project exists and your account has permission to access it.
[debug] [2020-12-31T05:54:51.957Z] ----------------------------------------------------------------------
[debug] [2020-12-31T05:54:51.961Z] Command:       C:\Program Files (x86)\nodejs\node.exe C:\Users\sumit\AppData\Roaming\npm\node_modules\firebase-tools\lib\bin\firebase.js use --add
[debug] [2020-12-31T05:54:51.961Z] CLI Version:   9.1.0
[debug] [2020-12-31T05:54:51.961Z] Platform:      win32
[debug] [2020-12-31T05:54:51.962Z] Node Version:  v12.20.0
[debug] [2020-12-31T05:54:51.963Z] Time:          Thu Dec 31 2020 11:24:51 GMT+0530 (India Standard Time)
[debug] [2020-12-31T05:54:51.963Z] ----------------------------------------------------------------------
[debug] [2020-12-31T05:54:51.963Z] 
[debug] [2020-12-31T05:54:51.973Z] > command requires scopes: ["email","openid","https://www.googleapis.com/auth/cloudplatformprojects.readonly","https://www.googleapis.com/auth/firebase","https://www.googleapis.com/auth/cloud-platform"]
[debug] [2020-12-31T05:54:51.974Z] > authorizing via signed-in user
[debug] [2020-12-31T05:54:51.981Z] >>> HTTP REQUEST GET https://firebase.googleapis.com/v1beta1/projects?pageSize=1000  
 
[debug] [2020-12-31T05:54:52.852Z] <<< HTTP RESPONSE 200 {"content-type":"application/json; charset=UTF-8","vary":"X-Origin, Referer, Origin,Accept-Encoding","date":"Thu, 31 Dec 2020 05:54:55 GMT","server":"ESF","cache-control":"private","x-xss-protection":"0","x-frame-options":"SAMEORIGIN","x-content-type-options":"nosniff","alt-svc":"h3-29=\":443\"; ma=2592000,h3-T051=\":443\"; ma=2592000,h3-Q050=\":443\"; ma=2592000,h3-Q046=\":443\"; ma=2592000,h3-Q043=\":443\"; ma=2592000,quic=\":443\"; ma=2592000; v=\"46,43\"","accept-ranges":"none","transfer-encoding":"chunked"}
[debug] [2020-12-31T05:56:57.628Z] ----------------------------------------------------------------------
[debug] [2020-12-31T05:56:57.631Z] Command:       C:\Program Files (x86)\nodejs\node.exe C:\Users\sumit\AppData\Roaming\npm\node_modules\firebase-tools\lib\bin\firebase.js init
[debug] [2020-12-31T05:56:57.632Z] CLI Version:   9.1.0
[debug] [2020-12-31T05:56:57.632Z] Platform:      win32
[debug] [2020-12-31T05:56:57.632Z] Node Version:  v12.20.0
[debug] [2020-12-31T05:56:57.633Z] Time:          Thu Dec 31 2020 11:26:57 GMT+0530 (India Standard Time)
[debug] [2020-12-31T05:56:57.634Z] ----------------------------------------------------------------------
[debug] [2020-12-31T05:56:57.634Z] 
[debug] [2020-12-31T05:56:57.643Z] > command requires scopes: ["email","openid","https://www.googleapis.com/auth/cloudplatformprojects.readonly","https://www.googleapis.com/auth/firebase","https://www.googleapis.com/auth/cloud-platform"]
[debug] [2020-12-31T05:56:57.644Z] > authorizing via signed-in user
[info] 
     ######## #### ########  ######## ########     ###     ######  ########
     ##        ##  ##     ## ##       ##     ##  ##   ##  ##       ##
     ######    ##  ########  ######   ########  #########  ######  ######
     ##        ##  ##    ##  ##       ##     ## ##     ##       ## ##
     ##       #### ##     ## ######## ########  ##     ##  ######  ########

You're about to initialize a Firebase project in this directory:

  E:\whatapp_clone\whatapp_clone

Before we get started, keep in mind:

  * You are initializing in an existing Firebase project directory

[info] 
=== Project Setup
[info] 
[info] First, let's associate this project directory with a Firebase project.
[info] You can create multiple project aliases by running firebase use --add, 
[info] but for now we'll just set up a default project.
[info] 
[info] i  .firebaserc already has a default project, using whatapp-c85ce. 
[debug] [2020-12-31T05:57:06.778Z] >>> HTTP REQUEST GET https://firebase.googleapis.com/v1beta1/projects/whatapp-c85ce  
 
[debug] [2020-12-31T05:57:07.774Z] <<< HTTP RESPONSE 403 {"vary":"X-Origin, Referer, Origin,Accept-Encoding","content-type":"application/json; charset=UTF-8","date":"Thu, 31 Dec 2020 05:57:10 GMT","server":"ESF","cache-control":"private","x-xss-protection":"0","x-frame-options":"SAMEORIGIN","x-content-type-options":"nosniff","alt-svc":"h3-29=\":443\"; ma=2592000,h3-T051=\":443\"; ma=2592000,h3-Q050=\":443\"; ma=2592000,h3-Q046=\":443\"; ma=2592000,h3-Q043=\":443\"; ma=2592000,quic=\":443\"; ma=2592000; v=\"46,43\"","accept-ranges":"none","transfer-encoding":"chunked"}
[debug] [2020-12-31T05:57:07.774Z] <<< HTTP RESPONSE BODY {"error":{"code":403,"message":"The caller does not have permission","status":"PERMISSION_DENIED"}}
[debug] [2020-12-31T05:57:07.779Z] HTTP Error: 403, The caller does not have permission
[debug] [2020-12-31T05:57:08.211Z] FirebaseError: HTTP Error: 403, The caller does not have permission
    at module.exports (C:\Users\sumit\AppData\Roaming\npm\node_modules\firebase-tools\lib\responseToError.js:38:12)
    at Request._callback (C:\Users\sumit\AppData\Roaming\npm\node_modules\firebase-tools\lib\api.js:41:35)
    at Request.self.callback (C:\Users\sumit\AppData\Roaming\npm\node_modules\firebase-tools\node_modules\request\request.js:185:22)
    at Request.emit (events.js:314:20)
    at Request.EventEmitter.emit (domain.js:483:12)
    at Request.<anonymous> (C:\Users\sumit\AppData\Roaming\npm\node_modules\firebase-tools\node_modules\request\request.js:1154:10)
    at Request.emit (events.js:314:20)
    at Request.EventEmitter.emit (domain.js:483:12)
    at IncomingMessage.<anonymous> (C:\Users\sumit\AppData\Roaming\npm\node_modules\firebase-tools\node_modules\request\request.js:1076:12)
    at Object.onceWrapper (events.js:420:28)
    at IncomingMessage.emit (events.js:326:22)
    at IncomingMessage.EventEmitter.emit (domain.js:483:12)
    at endReadableNT (_stream_readable.js:1241:12)
    at processTicksAndRejections (internal/process/task_queues.js:84:21)
[error] 
[error] Error: Failed to get Firebase project whatapp-c85ce. Please make sure the project exists and your account has permission to access it.
[debug] [2020-12-31T05:57:35.364Z] ----------------------------------------------------------------------
[debug] [2020-12-31T05:57:35.367Z] Command:       C:\Program Files (x86)\nodejs\node.exe C:\Users\sumit\AppData\Roaming\npm\node_modules\firebase-tools\lib\bin\firebase.js use --add
[debug] [2020-12-31T05:57:35.368Z] CLI Version:   9.1.0
[debug] [2020-12-31T05:57:35.368Z] Platform:      win32
[debug] [2020-12-31T05:57:35.368Z] Node Version:  v12.20.0
[debug] [2020-12-31T05:57:35.369Z] Time:          Thu Dec 31 2020 11:27:35 GMT+0530 (India Standard Time)
[debug] [2020-12-31T05:57:35.370Z] ----------------------------------------------------------------------
[debug] [2020-12-31T05:57:35.370Z] 
[debug] [2020-12-31T05:57:35.379Z] > command requires scopes: ["email","openid","https://www.googleapis.com/auth/cloudplatformprojects.readonly","https://www.googleapis.com/auth/firebase","https://www.googleapis.com/auth/cloud-platform"]
[debug] [2020-12-31T05:57:35.380Z] > authorizing via signed-in user
[debug] [2020-12-31T05:57:35.388Z] >>> HTTP REQUEST GET https://firebase.googleapis.com/v1beta1/projects?pageSize=1000  
 
[debug] [2020-12-31T05:57:36.253Z] <<< HTTP RESPONSE 200 {"content-type":"application/json; charset=UTF-8","vary":"X-Origin, Referer, Origin,Accept-Encoding","date":"Thu, 31 Dec 2020 05:57:38 GMT","server":"ESF","cache-control":"private","x-xss-protection":"0","x-frame-options":"SAMEORIGIN","x-content-type-options":"nosniff","alt-svc":"h3-29=\":443\"; ma=2592000,h3-T051=\":443\"; ma=2592000,h3-Q050=\":443\"; ma=2592000,h3-Q046=\":443\"; ma=2592000,h3-Q043=\":443\"; ma=2592000,quic=\":443\"; ma=2592000; v=\"46,43\"","accept-ranges":"none","transfer-encoding":"chunked"}
